This file contains any messages produced by compilers while
running configure, to aid debugging if configure makes a mistake.

It was created by libbswabe configure 0.9, which was
generated by GNU Autoconf 2.69.  Invocation command line was

  $ ./configure 

## --------- ##
## Platform. ##
## --------- ##

hostname = Sanjeevs-MacBook-Pro.local
uname -m = x86_64
uname -r = 18.5.0
uname -s = Darwin
uname -v = Darwin Kernel Version 18.5.0: Mon Mar 11 20:40:32 PDT 2019; root:xnu-4903.251.3~3/RELEASE_X86_64

/usr/bin/uname -p = i386
/bin/uname -X     = unknown

/bin/arch              = unknown
/usr/bin/arch -k       = unknown
/usr/convex/getsysinfo = unknown
/usr/bin/hostinfo      = Mach kernel version:
	 Darwin Kernel Version 18.5.0: Mon Mar 11 20:40:32 PDT 2019; root:xnu-4903.251.3~3/RELEASE_X86_64
Kernel configured for up to 12 processors.
6 processors are physically available.
12 processors are logically available.
Processor type: x86_64h (Intel x86-64h Haswell)
Processors active: 0 1 2 3 4 5 6 7 8 9 10 11
Primary memory available: 16.00 gigabytes
Default processor set: 527 tasks, 3221 threads, 12 processors
Load average: 1.47, Mach factor: 10.52
/bin/machine           = unknown
/usr/bin/oslevel       = unknown
/bin/universe          = unknown

PATH: /usr/local/opt/flex/bin
PATH: /usr/local/opt/m4/bin
PATH: /usr/local/opt/sqlite/bin
PATH: /usr/local/opt/openssl/bin
PATH: /usr/local/opt/bison/bin
PATH: /usr/local/Cellar/bison/bin
PATH: /usr/local/opt/bison
PATH: /usr/local/sbin
PATH: /usr/local/opt/icu4c/sbin
PATH: /usr/local/opt/icu4c/bin
PATH: /usr/local/Cellar/openssl/bin
PATH: /opt/local/bin
PATH: /opt/local/sbin
PATH: /usr/local/bin
PATH: /usr/bin
PATH: /bin
PATH: /usr/sbin
PATH: /sbin
PATH: /Library/TeX/texbin
PATH: /usr/local/share/dotnet
PATH: ~/.dotnet/tools
PATH: /Library/Frameworks/Mono.framework/Versions/Current/Commands


## ----------- ##
## Core tests. ##
## ----------- ##

configure:2262: checking whether to enable debugging
configure:2282: result: no
configure:2333: checking for gcc
configure:2349: found /usr/bin/gcc
configure:2360: result: gcc
configure:2589: checking for C compiler version
configure:2598: gcc --version >&5
Apple LLVM version 10.0.1 (clang-1001.0.46.4)
Target: x86_64-apple-darwin18.5.0
Thread model: posix
InstalledDir: /Library/Developer/CommandLineTools/usr/bin
Configured with: --prefix=/Library/Developer/CommandLineTools/usr --with-gxx-include-dir=/Library/Developer/CommandLineTools/SDKs/MacOSX10.14.sdk/usr/include/c++/4.2.1
configure:2609: $? = 0
configure:2598: gcc -v >&5
Configured with: --prefix=/Library/Developer/CommandLineTools/usr --with-gxx-include-dir=/Library/Developer/CommandLineTools/SDKs/MacOSX10.14.sdk/usr/include/c++/4.2.1
Apple LLVM version 10.0.1 (clang-1001.0.46.4)
Target: x86_64-apple-darwin18.5.0
Thread model: posix
InstalledDir: /Library/Developer/CommandLineTools/usr/bin
configure:2609: $? = 0
configure:2598: gcc -V >&5
clang: error: unsupported option '-V -Wno-atomic-implicit-seq-cst'
clang: error: no input files
configure:2609: $? = 1
configure:2598: gcc -qversion >&5
clang: error: unknown argument '-qversion', did you mean '--version'?
clang: error: no input files
configure:2609: $? = 1
configure:2629: checking whether the C compiler works
configure:2651: gcc -O3 -Wall -I/usr/local/opt/openssl/include  -O3 -Wall -L/usr/local/opt/openssl/lib conftest.c  >&5
configure:2655: $? = 0
configure:2703: result: yes
configure:2706: checking for C compiler default output file name
configure:2708: result: a.out
configure:2714: checking for suffix of executables
configure:2721: gcc -o conftest -O3 -Wall -I/usr/local/opt/openssl/include  -O3 -Wall -L/usr/local/opt/openssl/lib conftest.c  >&5
configure:2725: $? = 0
configure:2747: result: 
configure:2769: checking whether we are cross compiling
configure:2777: gcc -o conftest -O3 -Wall -I/usr/local/opt/openssl/include  -O3 -Wall -L/usr/local/opt/openssl/lib conftest.c  >&5
configure:2781: $? = 0
configure:2788: ./conftest
configure:2792: $? = 0
configure:2807: result: no
configure:2812: checking for suffix of object files
configure:2834: gcc -c -O3 -Wall -I/usr/local/opt/openssl/include  conftest.c >&5
configure:2838: $? = 0
configure:2859: result: o
configure:2863: checking whether we are using the GNU C compiler
configure:2882: gcc -c -O3 -Wall -I/usr/local/opt/openssl/include  conftest.c >&5
configure:2882: $? = 0
configure:2891: result: yes
configure:2900: checking whether gcc accepts -g
configure:2920: gcc -c -g  conftest.c >&5
configure:2920: $? = 0
configure:2961: result: yes
configure:2978: checking for gcc option to accept ISO C89
configure:3041: gcc  -c -O3 -Wall -I/usr/local/opt/openssl/include  conftest.c >&5
configure:3041: $? = 0
configure:3054: result: none needed
configure:3081: checking for an ANSI C-conforming const
configure:3147: gcc -c -O3 -Wall -I/usr/local/opt/openssl/include  conftest.c >&5
configure:3147: $? = 0
configure:3154: result: yes
configure:3167: checking how to run the C preprocessor
configure:3198: gcc -E  conftest.c
configure:3198: $? = 0
configure:3212: gcc -E  conftest.c
conftest.c:9:10: fatal error: 'ac_nonexistent.h' file not found
#include <ac_nonexistent.h>
         ^~~~~~~~~~~~~~~~~~
1 error generated.
configure:3212: $? = 1
configure: failed program was:
| /* confdefs.h */
| #define PACKAGE_NAME "libbswabe"
| #define PACKAGE_TARNAME "libbswabe"
| #define PACKAGE_VERSION "0.9"
| #define PACKAGE_STRING "libbswabe 0.9"
| #define PACKAGE_BUGREPORT "bethenco@cs.berkeley.edu"
| #define PACKAGE_URL ""
| /* end confdefs.h.  */
| #include <ac_nonexistent.h>
configure:3237: result: gcc -E
configure:3257: gcc -E  conftest.c
configure:3257: $? = 0
configure:3271: gcc -E  conftest.c
conftest.c:9:10: fatal error: 'ac_nonexistent.h' file not found
#include <ac_nonexistent.h>
         ^~~~~~~~~~~~~~~~~~
1 error generated.
configure:3271: $? = 1
configure: failed program was:
| /* confdefs.h */
| #define PACKAGE_NAME "libbswabe"
| #define PACKAGE_TARNAME "libbswabe"
| #define PACKAGE_VERSION "0.9"
| #define PACKAGE_STRING "libbswabe 0.9"
| #define PACKAGE_BUGREPORT "bethenco@cs.berkeley.edu"
| #define PACKAGE_URL ""
| /* end confdefs.h.  */
| #include <ac_nonexistent.h>
configure:3300: checking for grep that handles long lines and -e
configure:3358: result: /usr/bin/grep
configure:3363: checking for egrep
configure:3425: result: /usr/bin/grep -E
configure:3430: checking for ANSI C header files
configure:3450: gcc -c -O3 -Wall -I/usr/local/opt/openssl/include  conftest.c >&5
configure:3450: $? = 0
configure:3523: gcc -o conftest -O3 -Wall -I/usr/local/opt/openssl/include  -O3 -Wall -L/usr/local/opt/openssl/lib conftest.c  >&5
configure:3523: $? = 0
configure:3523: ./conftest
configure:3523: $? = 0
configure:3534: result: yes
configure:3547: checking for sys/types.h
configure:3547: gcc -c -O3 -Wall -I/usr/local/opt/openssl/include  conftest.c >&5
configure:3547: $? = 0
configure:3547: result: yes
configure:3547: checking for sys/stat.h
configure:3547: gcc -c -O3 -Wall -I/usr/local/opt/openssl/include  conftest.c >&5
configure:3547: $? = 0
configure:3547: result: yes
configure:3547: checking for stdlib.h
configure:3547: gcc -c -O3 -Wall -I/usr/local/opt/openssl/include  conftest.c >&5
configure:3547: $? = 0
configure:3547: result: yes
configure:3547: checking for string.h
configure:3547: gcc -c -O3 -Wall -I/usr/local/opt/openssl/include  conftest.c >&5
configure:3547: $? = 0
configure:3547: result: yes
configure:3547: checking for memory.h
configure:3547: gcc -c -O3 -Wall -I/usr/local/opt/openssl/include  conftest.c >&5
configure:3547: $? = 0
configure:3547: result: yes
configure:3547: checking for strings.h
configure:3547: gcc -c -O3 -Wall -I/usr/local/opt/openssl/include  conftest.c >&5
configure:3547: $? = 0
configure:3547: result: yes
configure:3547: checking for inttypes.h
configure:3547: gcc -c -O3 -Wall -I/usr/local/opt/openssl/include  conftest.c >&5
configure:3547: $? = 0
configure:3547: result: yes
configure:3547: checking for stdint.h
configure:3547: gcc -c -O3 -Wall -I/usr/local/opt/openssl/include  conftest.c >&5
configure:3547: $? = 0
configure:3547: result: yes
configure:3547: checking for unistd.h
configure:3547: gcc -c -O3 -Wall -I/usr/local/opt/openssl/include  conftest.c >&5
configure:3547: $? = 0
configure:3547: result: yes
configure:3559: checking for uint32_t
configure:3559: gcc -c -O3 -Wall -I/usr/local/opt/openssl/include  conftest.c >&5
configure:3559: $? = 0
configure:3559: result: yes
configure:3574: checking for ANSI C header files
configure:3678: result: yes
configure:3689: checking for stdint.h
configure:3689: result: yes
configure:3689: checking for stdlib.h
configure:3689: result: yes
configure:3689: checking for string.h
configure:3689: result: yes
configure:3704: checking for stdlib.h
configure:3704: result: yes
configure:3714: checking for GNU libc compatible malloc
configure:3738: gcc -o conftest -O3 -Wall -I/usr/local/opt/openssl/include  -O3 -Wall -L/usr/local/opt/openssl/lib conftest.c  >&5
configure:3738: $? = 0
configure:3738: ./conftest
configure:3738: $? = 0
configure:3748: result: yes
configure:3769: checking for size_t
configure:3769: gcc -c -O3 -Wall -I/usr/local/opt/openssl/include  conftest.c >&5
configure:3769: $? = 0
configure:3769: gcc -c -O3 -Wall -I/usr/local/opt/openssl/include  conftest.c >&5
conftest.c:61:21: error: expected expression
if (sizeof ((size_t)))
                    ^
1 error generated.
configure:3769: $? = 1
configure: failed program was:
| /* confdefs.h */
| #define PACKAGE_NAME "libbswabe"
| #define PACKAGE_TARNAME "libbswabe"
| #define PACKAGE_VERSION "0.9"
| #define PACKAGE_STRING "libbswabe 0.9"
| #define PACKAGE_BUGREPORT "bethenco@cs.berkeley.edu"
| #define PACKAGE_URL ""
| #define STDC_HEADERS 1
| #define HAVE_SYS_TYPES_H 1
| #define HAVE_SYS_STAT_H 1
| #define HAVE_STDLIB_H 1
| #define HAVE_STRING_H 1
| #define HAVE_MEMORY_H 1
| #define HAVE_STRINGS_H 1
| #define HAVE_INTTYPES_H 1
| #define HAVE_STDINT_H 1
| #define HAVE_UNISTD_H 1
| #define STDC_HEADERS 1
| #define HAVE_STDINT_H 1
| #define HAVE_STDLIB_H 1
| #define HAVE_STRING_H 1
| #define HAVE_STDLIB_H 1
| #define HAVE_MALLOC 1
| /* end confdefs.h.  */
| #include <stdio.h>
| #ifdef HAVE_SYS_TYPES_H
| # include <sys/types.h>
| #endif
| #ifdef HAVE_SYS_STAT_H
| # include <sys/stat.h>
| #endif
| #ifdef STDC_HEADERS
| # include <stdlib.h>
| # include <stddef.h>
| #else
| # ifdef HAVE_STDLIB_H
| #  include <stdlib.h>
| # endif
| #endif
| #ifdef HAVE_STRING_H
| # if !defined STDC_HEADERS && defined HAVE_MEMORY_H
| #  include <memory.h>
| # endif
| # include <string.h>
| #endif
| #ifdef HAVE_STRINGS_H
| # include <strings.h>
| #endif
| #ifdef HAVE_INTTYPES_H
| # include <inttypes.h>
| #endif
| #ifdef HAVE_STDINT_H
| # include <stdint.h>
| #endif
| #ifdef HAVE_UNISTD_H
| # include <unistd.h>
| #endif
| int
| main ()
| {
| if (sizeof ((size_t)))
| 	    return 0;
|   ;
|   return 0;
| }
configure:3769: result: yes
configure:3782: checking for working alloca.h
configure:3799: gcc -o conftest -O3 -Wall -I/usr/local/opt/openssl/include  -O3 -Wall -L/usr/local/opt/openssl/lib conftest.c  >&5
configure:3799: $? = 0
configure:3807: result: yes
configure:3815: checking for alloca
configure:3852: gcc -o conftest -O3 -Wall -I/usr/local/opt/openssl/include  -O3 -Wall -L/usr/local/opt/openssl/lib conftest.c  >&5
configure:3852: $? = 0
configure:3860: result: yes
configure:3968: checking for vprintf
configure:3968: gcc -o conftest -O3 -Wall -I/usr/local/opt/openssl/include  -O3 -Wall -L/usr/local/opt/openssl/lib conftest.c  >&5
conftest.c:50:6: warning: incompatible redeclaration of library function 'vprintf' [-Wincompatible-library-redeclaration]
char vprintf ();
     ^
conftest.c:50:6: note: 'vprintf' is a builtin with type 'int (const char *, struct __va_list_tag *)'
1 warning generated.
configure:3968: $? = 0
configure:3968: result: yes
configure:3974: checking for _doprnt
configure:3974: gcc -o conftest -O3 -Wall -I/usr/local/opt/openssl/include  -O3 -Wall -L/usr/local/opt/openssl/lib conftest.c  >&5
Undefined symbols for architecture x86_64:
  "__doprnt", referenced from:
      _main in conftest-fcb393.o
ld: symbol(s) not found for architecture x86_64
clang: error: linker command failed with exit code 1 (use -v to see invocation)
configure:3974: $? = 1
configure: failed program was:
| /* confdefs.h */
| #define PACKAGE_NAME "libbswabe"
| #define PACKAGE_TARNAME "libbswabe"
| #define PACKAGE_VERSION "0.9"
| #define PACKAGE_STRING "libbswabe 0.9"
| #define PACKAGE_BUGREPORT "bethenco@cs.berkeley.edu"
| #define PACKAGE_URL ""
| #define STDC_HEADERS 1
| #define HAVE_SYS_TYPES_H 1
| #define HAVE_SYS_STAT_H 1
| #define HAVE_STDLIB_H 1
| #define HAVE_STRING_H 1
| #define HAVE_MEMORY_H 1
| #define HAVE_STRINGS_H 1
| #define HAVE_INTTYPES_H 1
| #define HAVE_STDINT_H 1
| #define HAVE_UNISTD_H 1
| #define STDC_HEADERS 1
| #define HAVE_STDINT_H 1
| #define HAVE_STDLIB_H 1
| #define HAVE_STRING_H 1
| #define HAVE_STDLIB_H 1
| #define HAVE_MALLOC 1
| #define HAVE_ALLOCA_H 1
| #define HAVE_ALLOCA 1
| #define HAVE_VPRINTF 1
| /* end confdefs.h.  */
| /* Define _doprnt to an innocuous variant, in case <limits.h> declares _doprnt.
|    For example, HP-UX 11i <limits.h> declares gettimeofday.  */
| #define _doprnt innocuous__doprnt
| 
| /* System header to define __stub macros and hopefully few prototypes,
|     which can conflict with char _doprnt (); below.
|     Prefer <limits.h> to <assert.h> if __STDC__ is defined, since
|     <limits.h> exists even on freestanding compilers.  */
| 
| #ifdef __STDC__
| # include <limits.h>
| #else
| # include <assert.h>
| #endif
| 
| #undef _doprnt
| 
| /* Override any GCC internal prototype to avoid an error.
|    Use char because int might match the return type of a GCC
|    builtin and then its argument prototype would still apply.  */
| #ifdef __cplusplus
| extern "C"
| #endif
| char _doprnt ();
| /* The GNU C library defines this for functions which it implements
|     to always fail with ENOSYS.  Some functions are actually named
|     something starting with __ and the normal name is an alias.  */
| #if defined __stub__doprnt || defined __stub____doprnt
| choke me
| #endif
| 
| int
| main ()
| {
| return _doprnt ();
|   ;
|   return 0;
| }
configure:3974: result: no
configure:3985: checking for SHA1 in -lcrypto
configure:4010: gcc -o conftest -O3 -Wall -I/usr/local/opt/openssl/include  -O3 -Wall -L/usr/local/opt/openssl/lib conftest.c -lcrypto   >&5
configure:4010: $? = 0
configure:4019: result: yes
configure:4034: checking for strdup
configure:4034: gcc -o conftest -O3 -Wall -I/usr/local/opt/openssl/include  -O3 -Wall -L/usr/local/opt/openssl/lib conftest.c -lcrypto  >&5
conftest.c:52:6: warning: incompatible redeclaration of library function 'strdup' [-Wincompatible-library-redeclaration]
char strdup ();
     ^
conftest.c:52:6: note: 'strdup' is a builtin with type 'char *(const char *)'
1 warning generated.
configure:4034: $? = 0
configure:4034: result: yes
configure:4134: checking for pkg-config
configure:4152: found /usr/local/bin/pkg-config
configure:4164: result: /usr/local/bin/pkg-config
configure:4189: checking pkg-config is at least version 0.16
configure:4192: result: yes
configure:4210: checking for glib-2.0 >= 2.0.0
configure:4217: $PKG_CONFIG --exists --print-errors "$pkg_config_args"
configure:4220: $? = 0
configure:4234: $PKG_CONFIG --exists --print-errors "$pkg_config_args"
configure:4237: $? = 0
configure:4275: result: yes
configure:4285: $PKG_CONFIG --exists --print-errors "glib-2.0"
configure:4288: $? = 0
configure:4308: $PKG_CONFIG --exists --print-errors "glib-2.0"
configure:4311: $? = 0
configure:4331: $PKG_CONFIG --exists --print-errors "glib-2.0"
configure:4334: $? = 0
configure:4354: $PKG_CONFIG --exists --print-errors "gio-2.0"
Package libffi was not found in the pkg-config search path.
Perhaps you should add the directory containing `libffi.pc'
to the PKG_CONFIG_PATH environment variable
Package 'libffi', required by 'gobject-2.0', not found
configure:4357: $? = 1
configure:4373: checking for GLIB - version >= 2.0.0
configure:4478: gcc -o conftest -O3 -Wall -I/usr/local/opt/openssl/include -I/usr/local/Cellar/glib/2.60.0_1/include/glib-2.0 -I/usr/local/Cellar/glib/2.60.0_1/lib/glib-2.0/include -I/usr/local/opt/gettext/include -I/usr/local/Cellar/pcre/8.43/include  -O3 -Wall -L/usr/local/opt/openssl/lib conftest.c -L/usr/local/Cellar/glib/2.60.0_1/lib -L/usr/local/opt/gettext/lib -lglib-2.0 -lintl -lcrypto  >&5
configure:4478: $? = 0
configure:4478: ./conftest
configure:4478: $? = 0
configure:4492: result: yes (version 2.60.0)
configure:4556: checking for GMP version >= 4.0.0 or later
configure:4603: gcc -o conftest -O3 -Wall -I/usr/local/opt/openssl/include   -O3 -Wall -L/usr/local/opt/openssl/lib conftest.c -lcrypto  -lgmp >&5
configure:4603: $? = 0
configure:4618: gcc -o conftest -O3 -Wall -I/usr/local/opt/openssl/include   -O3 -Wall -L/usr/local/opt/openssl/lib conftest.c -lcrypto  -lgmp >&5
configure:4618: $? = 0
configure:4618: ./conftest
configure:4618: $? = 0
configure:4620: result: found
configure:4679: checking for the PBC library
configure:4726: gcc -o conftest -O3 -Wall -I/usr/local/opt/openssl/include  -I/usr/include/pbc -I/usr/local/include/pbc  -O3 -Wall -L/usr/local/opt/openssl/lib conftest.c -lcrypto  -lgmp -lpbc >&5
configure:4726: $? = 0
configure:4728: result: found
configure:4918: creating ./config.status

## ---------------------- ##
## Running config.status. ##
## ---------------------- ##

This file was extended by libbswabe config.status 0.9, which was
generated by GNU Autoconf 2.69.  Invocation command line was

  CONFIG_FILES    = 
  CONFIG_HEADERS  = 
  CONFIG_LINKS    = 
  CONFIG_COMMANDS = 
  $ ./config.status 

on Sanjeevs-MacBook-Pro.local

config.status:740: creating Makefile

## ---------------- ##
## Cache variables. ##
## ---------------- ##

ac_cv_c_compiler_gnu=yes
ac_cv_c_const=yes
ac_cv_c_uint32_t=yes
ac_cv_env_CC_set=
ac_cv_env_CC_value=
ac_cv_env_CFLAGS_set=
ac_cv_env_CFLAGS_value=
ac_cv_env_CPPFLAGS_set=
ac_cv_env_CPPFLAGS_value=
ac_cv_env_CPP_set=
ac_cv_env_CPP_value=
ac_cv_env_GLIB_CFLAGS_set=
ac_cv_env_GLIB_CFLAGS_value=
ac_cv_env_GLIB_COMPILE_RESOURCES_set=
ac_cv_env_GLIB_COMPILE_RESOURCES_value=
ac_cv_env_GLIB_GENMARSHAL_set=
ac_cv_env_GLIB_GENMARSHAL_value=
ac_cv_env_GLIB_LIBS_set=
ac_cv_env_GLIB_LIBS_value=
ac_cv_env_GLIB_MKENUMS_set=
ac_cv_env_GLIB_MKENUMS_value=
ac_cv_env_GOBJECT_QUERY_set=
ac_cv_env_GOBJECT_QUERY_value=
ac_cv_env_LDFLAGS_set=
ac_cv_env_LDFLAGS_value=
ac_cv_env_LIBS_set=
ac_cv_env_LIBS_value=
ac_cv_env_PKG_CONFIG_LIBDIR_set=
ac_cv_env_PKG_CONFIG_LIBDIR_value=
ac_cv_env_PKG_CONFIG_PATH_set=
ac_cv_env_PKG_CONFIG_PATH_value=
ac_cv_env_PKG_CONFIG_set=
ac_cv_env_PKG_CONFIG_value=
ac_cv_env_build_alias_set=
ac_cv_env_build_alias_value=
ac_cv_env_host_alias_set=
ac_cv_env_host_alias_value=
ac_cv_env_target_alias_set=
ac_cv_env_target_alias_value=
ac_cv_func__doprnt=no
ac_cv_func_alloca_works=yes
ac_cv_func_malloc_0_nonnull=yes
ac_cv_func_strdup=yes
ac_cv_func_vprintf=yes
ac_cv_header_inttypes_h=yes
ac_cv_header_memory_h=yes
ac_cv_header_stdc=yes
ac_cv_header_stdint_h=yes
ac_cv_header_stdlib_h=yes
ac_cv_header_string_h=yes
ac_cv_header_strings_h=yes
ac_cv_header_sys_stat_h=yes
ac_cv_header_sys_types_h=yes
ac_cv_header_unistd_h=yes
ac_cv_lib_crypto_SHA1=yes
ac_cv_objext=o
ac_cv_path_EGREP='/usr/bin/grep -E'
ac_cv_path_GREP=/usr/bin/grep
ac_cv_path_ac_pt_PKG_CONFIG=/usr/local/bin/pkg-config
ac_cv_prog_CPP='gcc -E'
ac_cv_prog_ac_ct_CC=gcc
ac_cv_prog_cc_c89=
ac_cv_prog_cc_g=yes
ac_cv_type_size_t=yes
ac_cv_working_alloca_h=yes
pkg_cv_GLIB_CFLAGS='-I/usr/local/Cellar/glib/2.60.0_1/include/glib-2.0 -I/usr/local/Cellar/glib/2.60.0_1/lib/glib-2.0/include -I/usr/local/opt/gettext/include -I/usr/local/Cellar/pcre/8.43/include'
pkg_cv_GLIB_GENMARSHAL=/usr/local/Cellar/glib/2.60.0_1/bin/glib-genmarshal
pkg_cv_GLIB_LIBS='-L/usr/local/Cellar/glib/2.60.0_1/lib -L/usr/local/opt/gettext/lib -lglib-2.0 -lintl'
pkg_cv_GLIB_MKENUMS=/usr/local/Cellar/glib/2.60.0_1/bin/glib-mkenums
pkg_cv_GOBJECT_QUERY=/usr/local/Cellar/glib/2.60.0_1/bin/gobject-query

## ----------------- ##
## Output variables. ##
## ----------------- ##

ALLOCA=''
CC='gcc'
CFLAGS='-O3 -Wall -I/usr/local/opt/openssl/include'
CPP='gcc -E'
CPPFLAGS=''
DEFS='-DPACKAGE_NAME=\"libbswabe\" -DPACKAGE_TARNAME=\"libbswabe\" -DPACKAGE_VERSION=\"0.9\" -DPACKAGE_STRING=\"libbswabe\ 0.9\" -DPACKAGE_BUGREPORT=\"bethenco@cs.berkeley.edu\" -DPACKAGE_URL=\"\" -DSTDC_HEADERS=1 -DHAVE_SYS_TYPES_H=1 -DHAVE_SYS_STAT_H=1 -DHAVE_STDLIB_H=1 -DHAVE_STRING_H=1 -DHAVE_MEMORY_H=1 -DHAVE_STRINGS_H=1 -DHAVE_INTTYPES_H=1 -DHAVE_STDINT_H=1 -DHAVE_UNISTD_H=1 -DSTDC_HEADERS=1 -DHAVE_STDINT_H=1 -DHAVE_STDLIB_H=1 -DHAVE_STRING_H=1 -DHAVE_STDLIB_H=1 -DHAVE_MALLOC=1 -DHAVE_ALLOCA_H=1 -DHAVE_ALLOCA=1 -DHAVE_VPRINTF=1 -DHAVE_LIBCRYPTO=1 -DHAVE_STRDUP=1 -DHAVE_GMP=1 -DHAVE_PBC=1'
ECHO_C='\c'
ECHO_N=''
ECHO_T=''
EGREP='/usr/bin/grep -E'
EXEEXT=''
GLIB_CFLAGS='-I/usr/local/Cellar/glib/2.60.0_1/include/glib-2.0 -I/usr/local/Cellar/glib/2.60.0_1/lib/glib-2.0/include -I/usr/local/opt/gettext/include -I/usr/local/Cellar/pcre/8.43/include'
GLIB_COMPILE_RESOURCES=''
GLIB_GENMARSHAL='/usr/local/Cellar/glib/2.60.0_1/bin/glib-genmarshal'
GLIB_LIBS='-L/usr/local/Cellar/glib/2.60.0_1/lib -L/usr/local/opt/gettext/lib -lglib-2.0 -lintl'
GLIB_MKENUMS='/usr/local/Cellar/glib/2.60.0_1/bin/glib-mkenums'
GMP_CFLAGS=''
GMP_LIBS='-lgmp'
GOBJECT_QUERY='/usr/local/Cellar/glib/2.60.0_1/bin/gobject-query'
GREP='/usr/bin/grep'
LDFLAGS='-O3 -Wall -L/usr/local/opt/openssl/lib'
LIBOBJS=''
LIBS='-lcrypto '
LTLIBOBJS=''
OBJEXT='o'
PACKAGE_BUGREPORT='bethenco@cs.berkeley.edu'
PACKAGE_NAME='libbswabe'
PACKAGE_STRING='libbswabe 0.9'
PACKAGE_TARNAME='libbswabe'
PACKAGE_URL=''
PACKAGE_VERSION='0.9'
PATH_SEPARATOR=':'
PBC_CFLAGS='-I/usr/include/pbc -I/usr/local/include/pbc'
PBC_LIBS='-lpbc'
PKG_CONFIG='/usr/local/bin/pkg-config'
PKG_CONFIG_LIBDIR=''
PKG_CONFIG_PATH=''
SHELL='/bin/sh'
ac_ct_CC='gcc'
bindir='${exec_prefix}/bin'
build_alias=''
datadir='${datarootdir}'
datarootdir='${prefix}/share'
docdir='${datarootdir}/doc/${PACKAGE_TARNAME}'
dvidir='${docdir}'
exec_prefix='${prefix}'
host_alias=''
htmldir='${docdir}'
includedir='${prefix}/include'
infodir='${datarootdir}/info'
libdir='${exec_prefix}/lib'
libexecdir='${exec_prefix}/libexec'
localedir='${datarootdir}/locale'
localstatedir='${prefix}/var'
mandir='${datarootdir}/man'
oldincludedir='/usr/include'
pdfdir='${docdir}'
prefix='/usr/local'
program_transform_name='s,x,x,'
psdir='${docdir}'
sbindir='${exec_prefix}/sbin'
sharedstatedir='${prefix}/com'
sysconfdir='${prefix}/etc'
target_alias=''

## ----------- ##
## confdefs.h. ##
## ----------- ##

/* confdefs.h */
#define PACKAGE_NAME "libbswabe"
#define PACKAGE_TARNAME "libbswabe"
#define PACKAGE_VERSION "0.9"
#define PACKAGE_STRING "libbswabe 0.9"
#define PACKAGE_BUGREPORT "bethenco@cs.berkeley.edu"
#define PACKAGE_URL ""
#define STDC_HEADERS 1
#define HAVE_SYS_TYPES_H 1
#define HAVE_SYS_STAT_H 1
#define HAVE_STDLIB_H 1
#define HAVE_STRING_H 1
#define HAVE_MEMORY_H 1
#define HAVE_STRINGS_H 1
#define HAVE_INTTYPES_H 1
#define HAVE_STDINT_H 1
#define HAVE_UNISTD_H 1
#define STDC_HEADERS 1
#define HAVE_STDINT_H 1
#define HAVE_STDLIB_H 1
#define HAVE_STRING_H 1
#define HAVE_STDLIB_H 1
#define HAVE_MALLOC 1
#define HAVE_ALLOCA_H 1
#define HAVE_ALLOCA 1
#define HAVE_VPRINTF 1
#define HAVE_LIBCRYPTO 1
#define HAVE_STRDUP 1
#define HAVE_GMP 1
#define HAVE_PBC 1

configure: exit 0
